<?xml version="1.0" encoding="UTF-8"?>
<testng-results ignored="0" total="1" passed="1" failed="0" skipped="0">
  <reporter-output>
  </reporter-output>
  <suite started-at="2024-07-20T14:39:12 IST" name="Default suite" finished-at="2024-07-20T14:39:22 IST" duration-ms="10301">
    <groups>
    </groups>
    <test started-at="2024-07-20T14:39:12 IST" name="Default test" finished-at="2024-07-20T14:39:22 IST" duration-ms="10301">
      <class name="com.tutorialsninja.qa.testcases.Register">
        <test-method is-config="true" signature="setup()[pri:0, instance:com.tutorialsninja.qa.testcases.Register@4310d43]" started-at="2024-07-20T14:39:12 IST" name="setup" finished-at="2024-07-20T14:39:19 IST" duration-ms="6922" status="PASS">
          <reporter-output>
          </reporter-output>
        </test-method> <!-- setup -->
        <test-method signature="verifyRegisteringAnAccountWithMandatoryFields()[pri:2, instance:com.tutorialsninja.qa.testcases.Register@4310d43]" started-at="2024-07-20T14:39:19 IST" name="verifyRegisteringAnAccountWithMandatoryFields" finished-at="2024-07-20T14:39:21 IST" duration-ms="1869" status="PASS">
          <reporter-output>
          </reporter-output>
        </test-method> <!-- verifyRegisteringAnAccountWithMandatoryFields -->
        <test-method is-config="true" signature="tearDown()[pri:0, instance:com.tutorialsninja.qa.testcases.Register@4310d43]" started-at="2024-07-20T14:39:21 IST" name="tearDown" finished-at="2024-07-20T14:39:22 IST" duration-ms="1459" status="PASS">
          <reporter-output>
          </reporter-output>
        </test-method> <!-- tearDown -->
      </class> <!-- com.tutorialsninja.qa.testcases.Register -->
    </test> <!-- Default test -->
  </suite> <!-- Default suite -->
</testng-results>
